<?xml version="1.0" encoding="UTF-8" ?>
<testsuite failures="0" time="0.033" errors="0" skipped="0" tests="1" name="edu.stevens.cs.cs549.rest.hello.AppTest">
  <properties>
    <property name="java.runtime.name" value="Java(TM) SE Runtime Environment"/>
    <property name="sun.boot.library.path" value="/System/Library/Java/JavaVirtualMachines/1.6.0.jdk/Contents/Libraries"/>
    <property name="java.vm.version" value="20.1-b02-383"/>
    <property name="awt.nativeDoubleBuffering" value="true"/>
    <property name="gopherProxySet" value="false"/>
    <property name="mrj.build" value="11A511"/>
    <property name="java.vm.vendor" value="Apple Inc."/>
    <property name="java.vendor.url" value="http://www.apple.com/"/>
    <property name="path.separator" value=":"/>
    <property name="java.vm.name" value="Java HotSpot(TM) 64-Bit Server VM"/>
    <property name="file.encoding.pkg" value="sun.io"/>
    <property name="user.country" value="US"/>
    <property name="sun.java.launcher" value="SUN_STANDARD"/>
    <property name="sun.os.patch.level" value="unknown"/>
    <property name="java.vm.specification.name" value="Java Virtual Machine Specification"/>
    <property name="user.dir" value="/Users/boyu2011/stevens/cs548/assignment5/ClinicRESTServer"/>
    <property name="java.runtime.version" value="1.6.0_26-b03-383-11A511"/>
    <property name="java.awt.graphicsenv" value="apple.awt.CGraphicsEnvironment"/>
    <property name="basedir" value="/Users/boyu2011/stevens/cs548/assignment5/ClinicRESTServer"/>
    <property name="java.endorsed.dirs" value="/System/Library/Java/JavaVirtualMachines/1.6.0.jdk/Contents/Home/lib/endorsed"/>
    <property name="os.arch" value="x86_64"/>
    <property name="surefire.real.class.path" value="/Users/boyu2011/stevens/cs548/assignment5/ClinicRESTServer/target/surefire/surefirebooter5373010257827872650.jar"/>
    <property name="java.io.tmpdir" value="/var/folders/g8/p_p53b511vg840gj9srbgpyh0000gn/T/"/>
    <property name="line.separator" value="
"/>
    <property name="java.vm.specification.vendor" value="Sun Microsystems Inc."/>
    <property name="os.name" value="Mac OS X"/>
    <property name="sun.jnu.encoding" value="MacRoman"/>
    <property name="java.library.path" value=".:/Library/Java/Extensions:/System/Library/Java/Extensions:/usr/lib/java"/>
    <property name="surefire.test.class.path" value="/Users/boyu2011/stevens/cs548/assignment5/ClinicRESTServer/target/test-classes:/Users/boyu2011/stevens/cs548/assignment5/ClinicRESTServer/target/classes:/Users/boyu2011/.m2/repository/junit/junit/3.8.1/junit-3.8.1.jar:/Users/boyu2011/.m2/repository/com/sun/jersey/jersey-server/1.9.1/jersey-server-1.9.1.jar:/Users/boyu2011/.m2/repository/asm/asm/3.1/asm-3.1.jar:/Users/boyu2011/.m2/repository/com/sun/jersey/jersey-core/1.9.1/jersey-core-1.9.1.jar:/Users/boyu2011/.m2/repository/com/sun/grizzly/grizzly-servlet-webserver/2.0.0-M3/grizzly-servlet-webserver-2.0.0-M3.jar:/Users/boyu2011/.m2/repository/com/sun/grizzly/grizzly-http-servlet/2.0.0-M3/grizzly-http-servlet-2.0.0-M3.jar:/Users/boyu2011/.m2/repository/javax/servlet/servlet-api/2.5/servlet-api-2.5.jar:/Users/boyu2011/.m2/repository/com/sun/grizzly/grizzly-http/2.0.0-M3/grizzly-http-2.0.0-M3.jar:/Users/boyu2011/.m2/repository/com/sun/grizzly/grizzly-http-util/2.0.0-M3/grizzly-http-util-2.0.0-M3.jar:/Users/boyu2011/.m2/repository/com/sun/grizzly/grizzly-framework/2.0.0-M3/grizzly-framework-2.0.0-M3.jar:/Users/boyu2011/.m2/repository/com/sun/grizzly/grizzly-rcm/2.0.0-M3/grizzly-rcm-2.0.0-M3.jar:/Users/boyu2011/.m2/repository/com/sun/jersey/jersey-grizzly2/1.9.1/jersey-grizzly2-1.9.1.jar:/Users/boyu2011/.m2/repository/org/glassfish/grizzly/grizzly-http/2.1.2/grizzly-http-2.1.2.jar:/Users/boyu2011/.m2/repository/org/glassfish/grizzly/grizzly-framework/2.1.2/grizzly-framework-2.1.2.jar:/Users/boyu2011/.m2/repository/org/glassfish/gmbal/gmbal-api-only/3.0.0-b023/gmbal-api-only-3.0.0-b023.jar:/Users/boyu2011/.m2/repository/org/glassfish/external/management-api/3.0.0-b012/management-api-3.0.0-b012.jar:/Users/boyu2011/.m2/repository/org/glassfish/grizzly/grizzly-http-server/2.1.2/grizzly-http-server-2.1.2.jar:/Users/boyu2011/.m2/repository/org/glassfish/grizzly/grizzly-rcm/2.1.2/grizzly-rcm-2.1.2.jar:/Users/boyu2011/.m2/repository/org/glassfish/grizzly/grizzly-http-servlet/2.1.2/grizzly-http-servlet-2.1.2.jar:/Users/boyu2011/.m2/repository/org/glassfish/javax.servlet/3.1/javax.servlet-3.1.jar:/Users/boyu2011/.m2/repository/log4j/log4j/1.2.16/log4j-1.2.16.jar:"/>
    <property name="java.specification.name" value="Java Platform API Specification"/>
    <property name="java.class.version" value="50.0"/>
    <property name="sun.management.compiler" value="HotSpot 64-Bit Tiered Compilers"/>
    <property name="os.version" value="10.7.2"/>
    <property name="http.nonProxyHosts" value="local|*.local|169.254/16|*.169.254/16"/>
    <property name="user.home" value="/Users/boyu2011"/>
    <property name="user.timezone" value=""/>
    <property name="java.awt.printerjob" value="apple.awt.CPrinterJob"/>
    <property name="java.specification.version" value="1.6"/>
    <property name="file.encoding" value="MacRoman"/>
    <property name="user.name" value="boyu2011"/>
    <property name="java.class.path" value="/Users/boyu2011/stevens/cs548/assignment5/ClinicRESTServer/target/test-classes:/Users/boyu2011/stevens/cs548/assignment5/ClinicRESTServer/target/classes:/Users/boyu2011/.m2/repository/junit/junit/3.8.1/junit-3.8.1.jar:/Users/boyu2011/.m2/repository/com/sun/jersey/jersey-server/1.9.1/jersey-server-1.9.1.jar:/Users/boyu2011/.m2/repository/asm/asm/3.1/asm-3.1.jar:/Users/boyu2011/.m2/repository/com/sun/jersey/jersey-core/1.9.1/jersey-core-1.9.1.jar:/Users/boyu2011/.m2/repository/com/sun/grizzly/grizzly-servlet-webserver/2.0.0-M3/grizzly-servlet-webserver-2.0.0-M3.jar:/Users/boyu2011/.m2/repository/com/sun/grizzly/grizzly-http-servlet/2.0.0-M3/grizzly-http-servlet-2.0.0-M3.jar:/Users/boyu2011/.m2/repository/javax/servlet/servlet-api/2.5/servlet-api-2.5.jar:/Users/boyu2011/.m2/repository/com/sun/grizzly/grizzly-http/2.0.0-M3/grizzly-http-2.0.0-M3.jar:/Users/boyu2011/.m2/repository/com/sun/grizzly/grizzly-http-util/2.0.0-M3/grizzly-http-util-2.0.0-M3.jar:/Users/boyu2011/.m2/repository/com/sun/grizzly/grizzly-framework/2.0.0-M3/grizzly-framework-2.0.0-M3.jar:/Users/boyu2011/.m2/repository/com/sun/grizzly/grizzly-rcm/2.0.0-M3/grizzly-rcm-2.0.0-M3.jar:/Users/boyu2011/.m2/repository/com/sun/jersey/jersey-grizzly2/1.9.1/jersey-grizzly2-1.9.1.jar:/Users/boyu2011/.m2/repository/org/glassfish/grizzly/grizzly-http/2.1.2/grizzly-http-2.1.2.jar:/Users/boyu2011/.m2/repository/org/glassfish/grizzly/grizzly-framework/2.1.2/grizzly-framework-2.1.2.jar:/Users/boyu2011/.m2/repository/org/glassfish/gmbal/gmbal-api-only/3.0.0-b023/gmbal-api-only-3.0.0-b023.jar:/Users/boyu2011/.m2/repository/org/glassfish/external/management-api/3.0.0-b012/management-api-3.0.0-b012.jar:/Users/boyu2011/.m2/repository/org/glassfish/grizzly/grizzly-http-server/2.1.2/grizzly-http-server-2.1.2.jar:/Users/boyu2011/.m2/repository/org/glassfish/grizzly/grizzly-rcm/2.1.2/grizzly-rcm-2.1.2.jar:/Users/boyu2011/.m2/repository/org/glassfish/grizzly/grizzly-http-servlet/2.1.2/grizzly-http-servlet-2.1.2.jar:/Users/boyu2011/.m2/repository/org/glassfish/javax.servlet/3.1/javax.servlet-3.1.jar:/Users/boyu2011/.m2/repository/log4j/log4j/1.2.16/log4j-1.2.16.jar:"/>
    <property name="java.vm.specification.version" value="1.0"/>
    <property name="sun.arch.data.model" value="64"/>
    <property name="java.home" value="/System/Library/Java/JavaVirtualMachines/1.6.0.jdk/Contents/Home"/>
    <property name="sun.java.command" value="/Users/boyu2011/stevens/cs548/assignment5/ClinicRESTServer/target/surefire/surefirebooter5373010257827872650.jar /Users/boyu2011/stevens/cs548/assignment5/ClinicRESTServer/target/surefire/surefire1657047409260412384tmp /Users/boyu2011/stevens/cs548/assignment5/ClinicRESTServer/target/surefire/surefire224785854104944098tmp"/>
    <property name="java.specification.vendor" value="Sun Microsystems Inc."/>
    <property name="user.language" value="en"/>
    <property name="awt.toolkit" value="apple.awt.CToolkit"/>
    <property name="java.vm.info" value="mixed mode"/>
    <property name="java.version" value="1.6.0_26"/>
    <property name="java.ext.dirs" value="/Library/Java/Extensions:/System/Library/Java/Extensions:/System/Library/Java/JavaVirtualMachines/1.6.0.jdk/Contents/Home/lib/ext"/>
    <property name="sun.boot.class.path" value="/System/Library/Java/JavaVirtualMachines/1.6.0.jdk/Contents/Classes/jsfd.jar:/System/Library/Java/JavaVirtualMachines/1.6.0.jdk/Contents/Classes/classes.jar:/System/Library/Frameworks/JavaVM.framework/Frameworks/JavaRuntimeSupport.framework/Resources/Java/JavaRuntimeSupport.jar:/System/Library/Java/JavaVirtualMachines/1.6.0.jdk/Contents/Classes/ui.jar:/System/Library/Java/JavaVirtualMachines/1.6.0.jdk/Contents/Classes/laf.jar:/System/Library/Java/JavaVirtualMachines/1.6.0.jdk/Contents/Classes/sunrsasign.jar:/System/Library/Java/JavaVirtualMachines/1.6.0.jdk/Contents/Classes/jsse.jar:/System/Library/Java/JavaVirtualMachines/1.6.0.jdk/Contents/Classes/jce.jar:/System/Library/Java/JavaVirtualMachines/1.6.0.jdk/Contents/Classes/charsets.jar"/>
    <property name="java.vendor" value="Apple Inc."/>
    <property name="localRepository" value="/Users/boyu2011/.m2/repository"/>
    <property name="file.separator" value="/"/>
    <property name="java.vendor.url.bug" value="http://bugreport.apple.com/"/>
    <property name="sun.cpu.endian" value="little"/>
    <property name="sun.io.unicode.encoding" value="UnicodeLittle"/>
    <property name="mrj.version" value="1070.1.6.0_26-383"/>
    <property name="socksNonProxyHosts" value="local|*.local|169.254/16|*.169.254/16"/>
    <property name="ftp.nonProxyHosts" value="local|*.local|169.254/16|*.169.254/16"/>
    <property name="sun.cpu.isalist" value=""/>
  </properties>
  <testcase time="0.001" classname="edu.stevens.cs.cs549.rest.hello.AppTest" name="testApp"/>
</testsuite>